<?xml version="1.0" encoding="UTF-8"?>
<testsuite name="ca.uqam.acceptancetests.location" time="1.071" tests="43" errors="0" skipped="0" failures="0">
  <properties>
    <property name="idea.version" value="2016.2.5"/>
    <property name="java.runtime.name" value="Java(TM) SE Runtime Environment"/>
    <property name="sun.boot.library.path" value="/Library/Java/JavaVirtualMachines/jdk1.8.0_91.jdk/Contents/Home/jre/lib"/>
    <property name="java.vm.version" value="25.91-b14"/>
    <property name="gopherProxySet" value="false"/>
    <property name="java.vm.vendor" value="Oracle Corporation"/>
    <property name="java.vendor.url" value="http://java.oracle.com/"/>
    <property name="path.separator" value=":"/>
    <property name="guice.disable.misplaced.annotation.check" value="true"/>
    <property name="java.vm.name" value="Java HotSpot(TM) 64-Bit Server VM"/>
    <property name="file.encoding.pkg" value="sun.io"/>
    <property name="idea.launcher.port" value="7534"/>
    <property name="user.country" value="CA"/>
    <property name="sun.java.launcher" value="SUN_STANDARD"/>
    <property name="sun.os.patch.level" value="unknown"/>
    <property name="java.vm.specification.name" value="Java Virtual Machine Specification"/>
    <property name="user.dir" value="/Users/Mo-is-Balla/IdeaProjects/TP2-TESTAUTOMATIQUE"/>
    <property name="java.runtime.version" value="1.8.0_91-b14"/>
    <property name="java.awt.graphicsenv" value="sun.awt.CGraphicsEnvironment"/>
    <property name="java.endorsed.dirs" value="/Library/Java/JavaVirtualMachines/jdk1.8.0_91.jdk/Contents/Home/jre/lib/endorsed"/>
    <property name="os.arch" value="x86_64"/>
    <property name="java.io.tmpdir" value="/var/folders/pw/gfdcv8dx2wd_q1j1kr2j6f4h0000gn/T/"/>
    <property name="line.separator" value="&#10;"/>
    <property name="java.vm.specification.vendor" value="Oracle Corporation"/>
    <property name="os.name" value="Mac OS X"/>
    <property name="classworlds.conf" value="/Applications/IntelliJ IDEA.app/Contents/plugins/maven/lib/maven3/bin/m2.conf"/>
    <property name="sun.jnu.encoding" value="UTF-8"/>
    <property name="java.library.path" value="/Users/Mo-is-Balla/Library/Java/Extensions:/Library/Java/Extensions:/Network/Library/Java/Extensions:/System/Library/Java/Extensions:/usr/lib/java:."/>
    <property name="java.specification.name" value="Java Platform API Specification"/>
    <property name="java.class.version" value="52.0"/>
    <property name="sun.management.compiler" value="HotSpot 64-Bit Tiered Compilers"/>
    <property name="os.version" value="10.12.1"/>
    <property name="http.nonProxyHosts" value="local|*.local|169.254/16|*.169.254/16"/>
    <property name="user.home" value="/Users/Mo-is-Balla"/>
    <property name="user.timezone" value="America/Toronto"/>
    <property name="java.awt.printerjob" value="sun.lwawt.macosx.CPrinterJob"/>
    <property name="java.specification.version" value="1.8"/>
    <property name="idea.launcher.bin.path" value="/Applications/IntelliJ IDEA.app/Contents/bin"/>
    <property name="file.encoding" value="UTF-8"/>
    <property name="user.name" value="Mo-is-Balla"/>
    <property name="java.class.path" value="/Applications/IntelliJ IDEA.app/Contents/plugins/maven/lib/maven3/boot/plexus-classworlds-2.4.jar:/Applications/IntelliJ IDEA.app/Contents/lib/idea_rt.jar"/>
    <property name="java.vm.specification.version" value="1.8"/>
    <property name="sun.arch.data.model" value="64"/>
    <property name="java.home" value="/Library/Java/JavaVirtualMachines/jdk1.8.0_91.jdk/Contents/Home/jre"/>
    <property name="sun.java.command" value="com.intellij.rt.execution.application.AppMain org.codehaus.classworlds.Launcher -Didea.version=2016.2.5 verify"/>
    <property name="java.specification.vendor" value="Oracle Corporation"/>
    <property name="user.language" value="en"/>
    <property name="awt.toolkit" value="sun.lwawt.macosx.LWCToolkit"/>
    <property name="java.vm.info" value="mixed mode"/>
    <property name="java.version" value="1.8.0_91"/>
    <property name="java.ext.dirs" value="/Users/Mo-is-Balla/Library/Java/Extensions:/Library/Java/JavaVirtualMachines/jdk1.8.0_91.jdk/Contents/Home/jre/lib/ext:/Library/Java/Extensions:/Network/Library/Java/Extensions:/System/Library/Java/Extensions:/usr/lib/java"/>
    <property name="sun.boot.class.path" value="/Library/Java/JavaVirtualMachines/jdk1.8.0_91.jdk/Contents/Home/jre/lib/resources.jar:/Library/Java/JavaVirtualMachines/jdk1.8.0_91.jdk/Contents/Home/jre/lib/rt.jar:/Library/Java/JavaVirtualMachines/jdk1.8.0_91.jdk/Contents/Home/jre/lib/sunrsasign.jar:/Library/Java/JavaVirtualMachines/jdk1.8.0_91.jdk/Contents/Home/jre/lib/jsse.jar:/Library/Java/JavaVirtualMachines/jdk1.8.0_91.jdk/Contents/Home/jre/lib/jce.jar:/Library/Java/JavaVirtualMachines/jdk1.8.0_91.jdk/Contents/Home/jre/lib/charsets.jar:/Library/Java/JavaVirtualMachines/jdk1.8.0_91.jdk/Contents/Home/jre/lib/jfr.jar:/Library/Java/JavaVirtualMachines/jdk1.8.0_91.jdk/Contents/Home/jre/classes"/>
    <property name="java.vendor" value="Oracle Corporation"/>
    <property name="maven.home" value="/Applications/IntelliJ IDEA.app/Contents/plugins/maven/lib/maven3"/>
    <property name="file.separator" value="/"/>
    <property name="java.vendor.url.bug" value="http://bugreport.sun.com/bugreport/"/>
    <property name="sun.cpu.endian" value="little"/>
    <property name="sun.io.unicode.encoding" value="UnicodeBig"/>
    <property name="socksNonProxyHosts" value="local|*.local|169.254/16|*.169.254/16"/>
    <property name="ftp.nonProxyHosts" value="local|*.local|169.254/16|*.169.254/16"/>
    <property name="sun.cpu.isalist" value=""/>
  </properties>
  <testcase name="BeforeStories" classname="java.lang.Object" time="0.002"/>
  <testcase name="Given la voiture A1 est louée à Paul" classname="ca.uqam.acceptancetests.steps.RetourVoitureSteps" time="0.003"/>
  <testcase name="When Paul retourne la voiture A1" classname="ca.uqam.acceptancetests.steps.RetourVoitureSteps" time="0.002"/>
  <testcase name="Then A1 est disponible" classname="ca.uqam.acceptancetests.steps.RetourVoitureSteps" time="0.001"/>
  <testcase name="Scenario: Retour de voiture" classname="Scenario: Retour de voiture" time="0.019"/>
  <testcase name="Retour_Voiture.story" classname="Retour_Voiture.story" time="0.02"/>
  <testcase name="Given il y a 2 voitures disponibles" classname="ca.uqam.acceptancetests.steps.ListeVoituresDisponibleSteps" time="0.004"/>
  <testcase name="And la voiture A1 est disponible" classname="ca.uqam.acceptancetests.steps.locationstep" time="0.004"/>
  <testcase name="And la voiture A2 est disponible" classname="ca.uqam.acceptancetests.steps.ListeVoituresDisponibleSteps" time="0.003"/>
  <testcase name="When je veux afficher la liste des voitures disponibles" classname="ca.uqam.acceptancetests.steps.ListeVoituresDisponibleSteps" time="0.002"/>
  <testcase name="Then la voiture A1 est indiquée comme étant disponible" classname="ca.uqam.acceptancetests.steps.ListeVoituresDisponibleSteps" time="0.003"/>
  <testcase name="And la voiture A2 est indiquée comme étant disponible" classname="ca.uqam.acceptancetests.steps.ListeVoituresDisponibleSteps" time="0.003"/>
  <testcase name="Scenario: Je veux afficher les voitures disponibles" classname="Scenario: Je veux afficher les voitures disponibles" time="0.025"/>
  <testcase name="Given la voiture A1 est louée à Paul​" classname="ca.uqam.acceptancetests.steps.RetourVoitureSteps" time="0.013"/>
  <testcase name="And la voiture A2 est disponible​" classname="ca.uqam.acceptancetests.steps.ListeVoituresDisponibleSteps" time="0.01"/>
  <testcase name="When je demande l’affichage de la liste de toutes les voitures" classname="ca.uqam.acceptancetests.steps.ListeVoituresDisponibleSteps" time="0.003"/>
  <testcase name="Then la voiture A1 est indiquée comme louee a Paul" classname="ca.uqam.acceptancetests.steps.ListeVoituresDisponibleSteps" time="0.002"/>
  <testcase name="And la voiture A2 est indiquée comme étant disponible​" classname="ca.uqam.acceptancetests.steps.ListeVoituresDisponibleSteps" time="0.003"/>
  <testcase name="And la voiture A3 est indiquée comme étant disponible" classname="ca.uqam.acceptancetests.steps.ListeVoituresDisponibleSteps" time="0.004"/>
  <testcase name="Scenario: Je veux afficher toutes les voitures, louées ou non" classname="Scenario: Je veux afficher toutes les voitures, louées ou non" time="0.02"/>
  <testcase name="Afficher_voiture.story" classname="Afficher_voiture.story" time="0.022"/>
  <testcase name="Given il y a 2 clients enregistrés PAUL et JEAN" classname="ca.uqam.acceptancetests.steps.AfficherclientTous" time="0.002"/>
  <testcase name="When je veux afficher la liste de nos clients" classname="ca.uqam.acceptancetests.steps.AfficherclientTous" time="0.002"/>
  <testcase name="Then PAUL et JEAN sont afficher" classname="ca.uqam.acceptancetests.steps.AfficherclientTous" time="0.002"/>
  <testcase name="Scenario: Je veux afficher les clients existant" classname="Scenario: Je veux afficher les clients existant" time="0.014"/>
  <testcase name="Affichage_Client.story" classname="Affichage_Client.story" time="0.015"/>
  <testcase name="Given la voiture A1 est disponible" classname="ca.uqam.acceptancetests.steps.locationstep" time="0.002"/>
  <testcase name="And Paul est un nouveau client" classname="ca.uqam.acceptancetests.steps.locationstep" time="0.003"/>
  <testcase name="When Paul sélectionne la voiture A1" classname="ca.uqam.acceptancetests.steps.locationstep" time="0.003"/>
  <testcase name="Then Paul est un client actif" classname="ca.uqam.acceptancetests.steps.locationstep" time="0.002"/>
  <testcase name="And la voiture A1 est louée par Paul" classname="ca.uqam.acceptancetests.steps.locationstep" time="0.002"/>
  <testcase name="Scenario: Louer une voiture a un nouveau client" classname="Scenario: Louer une voiture a un nouveau client" time="0.034"/>
  <testcase name="Given la voiture A1 est disponible​" classname="ca.uqam.acceptancetests.steps.locationstep" time="0.006"/>
  <testcase name="And Paul est un ancien client" classname="ca.uqam.acceptancetests.steps.locationstep" time="0.002"/>
  <testcase name="When Paul sélectionne la voiture A1​" classname="ca.uqam.acceptancetests.steps.locationstep" time="0.002"/>
  <testcase name="Then la voiture A1 est louée par Paul" classname="ca.uqam.acceptancetests.steps.locationstep" time="0.002"/>
  <testcase name="Scenario: Louer une voiture a un ancien client" classname="Scenario: Louer une voiture a un ancien client" time="0.025"/>
  <testcase name="Given la voiture A1 est déjà louée à Jean" classname="ca.uqam.acceptancetests.steps.locationstep" time="0.005"/>
  <testcase name="When Paul sélectionne la voiture A1​​" classname="ca.uqam.acceptancetests.steps.locationstep" time="0.001"/>
  <testcase name="Then la voiture A1 est louée par Jean" classname="ca.uqam.acceptancetests.steps.locationstep" time="0.001"/>
  <testcase name="Scenario: Louer une voiture deja louees a un client" classname="Scenario: Louer une voiture deja louees a un client" time="0.021"/>
  <testcase name="Location_voiture.story" classname="Location_voiture.story" time="0.023"/>
  <testcase name="AfterStories" classname="java.lang.Object" time="0.734"/>
</testsuite>